Run Information
========================
cognizant.intelligent.test.scripter.engine : 2.0
java.runtime.name    : Java(TM) SE Runtime Environment
java.version         : 17.0.7
java.home            : C:\Program Files\Java\jdk-17
os.name              : Windows 11
os.arch              : amd64
os.version           : 10.0
file.encoding        : UTF-8
========================
Run Started on Wed Feb 28 12:56:35 IST 2024
Loading Browser Profile
Loading RunManager
[Scenario:BasicFeatures] [TestCase: Iterations&SubIterations] [Description: Iterations&SubIterations] [Browser: Chrome] [BrowserVersion: Default] [Platform: ANY][ExistingBrowser: false]
----------------------------------------------------------
[1] TestCase selected for execution from [//cits/BasicWebFlow_Default]
----------------------------------------------------------
Initializing Report
[Thread-4] INFO com.cognizant.cognizantits.engine.core.TMIntegration - TM integration disabled for the testset
ApiLink not available!!
testset : BasicWebFlow_Default
Run Manager true
Continue Execution true
Shutting Down Thread as there is no need for SelectiveThreading
Running Iteration 1
Launching Chrome
Launching Local Driver
Starting ChromeDriver 122.0.6261.94 (880dbf29479c6152d5e4f08dfd3a96b30f919e56-refs/branch-heads/6261@{#960}) on port 17912
Only local connections are allowed.
Please see https://chromedriver.chromium.org/security-considerations for suggestions on keeping ChromeDriver safe.
ChromeDriver was started successfully.
2024-02-28 12:56:40:02S +0530 [INFO] org.openqa.selenium.remote.ProtocolHandshake createSession:Detected dialect: W3C
Chrome Launched
Step:1   | Object: Browser | Action: Open | Input: @http://toolsqa.com/automation-practice-form/ | Conditon:  | @28-Feb-2024 12:56:40.040
[DONE]   | Opened Url: http://toolsqa.com/automation-practice-form/

===================================================================================================

Step:2   | Object: firstname | Action: Click | Input:  | Conditon:  | @28-Feb-2024 12:56:41.041
Element could not be identified with [name] : [firstname]
2024-02-28 12:56:51:02S +0530 [OFF ] com.cognizant.cognizantits.engine.drivers.AutomationObject getElements:null
java.lang.StringIndexOutOfBoundsException: begin 0, end -1, length 149
	at java.base/java.lang.String.checkBoundsBeginEnd(String.java:4604)
	at java.base/java.lang.String.substring(String.java:2707)
	at com.cognizant.cognizantits.engine.drivers.AutomationObject.lambda$getElements$0(AutomationObject.java:363)
	at org.openqa.selenium.support.ui.FluentWait.until(FluentWait.java:249)
	at com.cognizant.cognizantits.engine.drivers.AutomationObject.getElements(AutomationObject.java:322)
	at com.cognizant.cognizantits.engine.drivers.AutomationObject.getWElements(AutomationObject.java:273)
	at com.cognizant.cognizantits.engine.drivers.AutomationObject.findElements(AutomationObject.java:260)
	at com.cognizant.cognizantits.engine.drivers.AutomationObject.findElement(AutomationObject.java:136)
	at com.cognizant.cognizantits.engine.drivers.AutomationObject.findElement(AutomationObject.java:129)
	at com.cognizant.cognizantits.engine.core.CommandControl.sync(CommandControl.java:98)
	at com.cognizant.cognizantits.engine.core.CommandControl.sync(CommandControl.java:183)
	at com.cognizant.cognizantits.engine.execution.run.TestStepRunner.executeStep(TestStepRunner.java:160)
	at com.cognizant.cognizantits.engine.execution.run.TestStepRunner.executeStep(TestStepRunner.java:147)
	at com.cognizant.cognizantits.engine.execution.run.TestStepRunner.run(TestStepRunner.java:66)
	at com.cognizant.cognizantits.engine.execution.run.TestCaseRunner.runStep(TestCaseRunner.java:397)
	at com.cognizant.cognizantits.engine.execution.run.TestCaseRunner.run(TestCaseRunner.java:348)
	at com.cognizant.cognizantits.engine.core.Task.runIteration(Task.java:127)
	at com.cognizant.cognizantits.engine.core.Task.run(Task.java:83)
	at java.base/java.util.concurrent.ThreadPoolExecutor.runWorker(ThreadPoolExecutor.java:1136)
	at java.base/java.util.concurrent.ThreadPoolExecutor$Worker.run(ThreadPoolExecutor.java:635)
	at java.base/java.lang.Thread.run(Thread.java:833)

Couldn't find Object 'firstname' in stipulated Time '10' Seconds
2024-02-28 12:56:51:02S +0530 [SEVERE] com.cognizant.cognizantits.engine.core.Task runIteration:Driver Chrome Closed / Could not be reached
com.cognizant.cognizantits.engine.execution.exception.DriverClosedException: Driver Chrome Closed / Could not be reached
	at com.cognizant.cognizantits.engine.drivers.SeleniumDriver.isAlive(SeleniumDriver.java:148)
	at com.cognizant.cognizantits.engine.commands.Command.isDriverAlive(Command.java:143)
	at com.cognizant.cognizantits.engine.commands.General.checkIfDriverIsAlive(General.java:37)
	at com.cognizant.cognizantits.engine.commands.General.elementPresent(General.java:45)
	at com.cognizant.cognizantits.engine.commands.General.elementDisplayed(General.java:56)
	at com.cognizant.cognizantits.engine.commands.General.elementEnabled(General.java:63)
	at com.cognizant.cognizantits.engine.commands.Basic.Click(Basic.java:47)
	at com.cognizant.cognizantits.engine.support.reflect.MethodExecutor.executeMethod(MethodExecutor.java:39)
	at com.cognizant.cognizantits.engine.execution.run.TestStepRunner.executeAction(TestStepRunner.java:165)
	at com.cognizant.cognizantits.engine.execution.run.TestStepRunner.executeStep(TestStepRunner.java:161)
	at com.cognizant.cognizantits.engine.execution.run.TestStepRunner.executeStep(TestStepRunner.java:147)
	at com.cognizant.cognizantits.engine.execution.run.TestStepRunner.run(TestStepRunner.java:66)
	at com.cognizant.cognizantits.engine.execution.run.TestCaseRunner.runStep(TestCaseRunner.java:397)
	at com.cognizant.cognizantits.engine.execution.run.TestCaseRunner.run(TestCaseRunner.java:348)
	at com.cognizant.cognizantits.engine.core.Task.runIteration(Task.java:127)
	at com.cognizant.cognizantits.engine.core.Task.run(Task.java:83)
	at java.base/java.util.concurrent.ThreadPoolExecutor.runWorker(ThreadPoolExecutor.java:1136)
	at java.base/java.util.concurrent.ThreadPoolExecutor$Worker.run(ThreadPoolExecutor.java:635)
	at java.base/java.lang.Thread.run(Thread.java:833)

[FAIL]   | Driver Chrome Closed / Could not be reached

===================================================================================================


---------------------------------------------------
Testcase Name        : BasicFeatures:Iterations&SubIterations
Executed Steps       : 2
Passed Steps         : 1
Failed Steps         : 1
Time Taken           : 00:00:15
-----------------------------------------------------

Run Finished on Wed Feb 28 12:56:51 IST 2024
[Thread-4] INFO com.cognizant.cognizantits.engine.support.DesktopApi - Trying to Open - C:\Users\dwiti\Downloads\cognizant-intelligent-test-scripter-2.0-setup12\cognizant-intelligent-test-scripter-2.0\Projects\DemoProject\Results\TestExecution\cits\BasicWebFlow_Default\28-Feb-2024 12-56-35\extent.html
[Thread-4] INFO com.cognizant.cognizantits.engine.support.DesktopApi - Trying to exec: [explorer] [%s] [C:\Users\dwiti\Downloads\cognizant-intelligent-test-scripter-2.0-setup12\cognizant-intelligent-test-scripter-2.0\Projects\DemoProject\Results\TestExecution\cits\BasicWebFlow_Default\28-Feb-2024 12-56-35\extent.html]
-----------------------------------------------------
ExecutionDate        : 28-Feb-2024 12-56-35
Executed TestCases   : 1
Passed TestCases     : 0
Failed TestCases     : 1
Time Taken           : 00:00:15
ReportPath           : file:///C:\Users\dwiti\Downloads\cognizant-intelligent-test-scripter-2.0-setup12\cognizant-intelligent-test-scripter-2.0\Projects\DemoProject\Results\TestExecution\cits\BasicWebFlow_Default\28-Feb-2024 12-56-35\summary.html
-----------------------------------------------------
